<?xml version="1.0" encoding="UTF-8"?>
<!-- Generated by org.testng.reporters.JUnitReportReporter -->
<testsuite hostname="TYC1121225" failures="0" tests="1" name="com.timetracking.actimtime.automation.basicTestScripts.CreateProducts" time="10.741" errors="0" timestamp="2022-11-12T11:29:34 IST" skipped="0">
  <testcase classname="com.timetracking.actimtime.automation.basicTestScripts.CreateProducts" name="createProductsAndVerifyProductName" time="10.741"/>
  <system-out/>
</testsuite> <!-- com.timetracking.actimtime.automation.basicTestScripts.CreateProducts -->
